<?xml version="1.0" encoding="UTF-8"?>
<testsuites name="jest tests" tests="28" failures="0" errors="0" time="3.23">
  <testsuite name="Table" errors="0" failures="0" skipped="0" timestamp="2021-11-04T15:37:15" time="2.257" tests="28">
    <testcase classname="Table render" name="Table render" time="0.051">
    </testcase>
    <testcase classname="Table test align" name="Table test align" time="0.052">
    </testcase>
    <testcase classname="Table test column align" name="Table test column align" time="0.032">
    </testcase>
    <testcase classname="Table test border" name="Table test border" time="0.016">
    </testcase>
    <testcase classname="Table test contentBorder" name="Table test contentBorder" time="0.027">
    </testcase>
    <testcase classname="Table test emptyRender" name="Table test emptyRender" time="0.009">
    </testcase>
    <testcase classname="Table test emptyRender VNode" name="Table test emptyRender VNode" time="0.078">
    </testcase>
    <testcase classname="Table test emptyRender VNode" name="Table test emptyRender VNode" time="0.029">
    </testcase>
    <testcase classname="Table test column className" name="Table test column className" time="0.031">
    </testcase>
    <testcase classname="Table test pagenation" name="Table test pagenation" time="0.035">
    </testcase>
    <testcase classname="Table 测试分页数据改变时表格数据是否改变" name="Table 测试分页数据改变时表格数据是否改变" time="0.028">
    </testcase>
    <testcase classname="Table 测试分页按钮的点击" name="Table 测试分页按钮的点击" time="0.027">
    </testcase>
    <testcase classname="Table 测试分页上一步按钮在对应的状态下是否置灰" name="Table 测试分页上一步按钮在对应的状态下是否置灰" time="0.016">
    </testcase>
    <testcase classname="Table 测试分页下一步按钮在对应的状态下是否置灰" name="Table 测试分页下一步按钮在对应的状态下是否置灰" time="0.019">
    </testcase>
    <testcase classname="Table 测试分页超出页数时是否自动切到最后一个" name="Table 测试分页超出页数时是否自动切到最后一个" time="0.024">
    </testcase>
    <testcase classname="Table 测试分页超出页数时是否自动切到第一个" name="Table 测试分页超出页数时是否自动切到第一个" time="0.013">
    </testcase>
    <testcase classname="Table 测试分页下一页按钮功能" name="Table 测试分页下一页按钮功能" time="0.033">
    </testcase>
    <testcase classname="Table 测试分页上一页按钮功能" name="Table 测试分页上一页按钮功能" time="0.022">
    </testcase>
    <testcase classname="Table 测试列的宽度调整" name="Table 测试列的宽度调整" time="0.044">
    </testcase>
    <testcase classname="Table test sort" name="Table test sort" time="0.041">
    </testcase>
    <testcase classname="Table 测试点击排序" name="Table 测试点击排序" time="0.093">
    </testcase>
    <testcase classname="Table 测试自定义排序规则" name="Table 测试自定义排序规则" time="0.38">
    </testcase>
    <testcase classname="Table 测试列的渲染函数" name="Table 测试列的渲染函数" time="0.029">
    </testcase>
    <testcase classname="Table 测试点击头部抛出事件" name="Table 测试点击头部抛出事件" time="0.021">
    </testcase>
    <testcase classname="Table 测试点击行抛出事件" name="Table 测试点击行抛出事件" time="0.027">
    </testcase>
    <testcase classname="Table 测试点击行内某一块抛出事件" name="Table 测试点击行内某一块抛出事件" time="0.013">
    </testcase>
    <testcase classname="Table 测试分页抛出事件" name="Table 测试分页抛出事件" time="0.019">
    </testcase>
    <testcase classname="Table 测试数据突然变多，分页，排序是否发生改变" name="Table 测试数据突然变多，分页，排序是否发生改变" time="0.042">
    </testcase>
  </testsuite>
</testsuites>